number,value,datetime_start,datetime_complete,duration,params_batch_size,params_bidirectional,params_dropout,params_gammar,params_hidden_dim,params_learning_rate,params_num_layers,state
118,0.4306437075138092,2024-03-29 21:11:57.582943,2024-03-29 21:12:30.402287,0 days 00:00:32.819344,2,False,0.35049657707696147,0.017529818756776228,128,0.011887293150579792,2,COMPLETE
119,0.6697285771369934,2024-03-29 21:12:30.404305,2024-03-29 21:12:44.353082,0 days 00:00:13.948777,8,False,0.3360426379048992,0.07050111253177695,128,0.019051051433728615,2,COMPLETE
